<?xml version="1.0"?>
<!DOCTYPE VOTABLE SYSTEM "http://cdsweb.u-strasbg.fr/xml/VOTable.dtd">
<VOTABLE version="1.1">
<RESOURCE type="results">
<DESCRIPTION>meandata</DESCRIPTION>
<INFO name="QUERY_STATUS" value="OK">Successful Search</INFO>
<INFO name="TableRows" value="41"/>
<TABLE>
<FIELD name="objname" datatype="char" arraysize="30*" ucd="meta.id;meta.main" >
<DESCRIPTION>Designation  of object</DESCRIPTION>
</FIELD>
<FIELD name="pgc" ID="col1" datatype="char" arraysize="*" />
<FIELD name="objtype" ID="col2" datatype="char" arraysize="*" />
<FIELD name="al1950" ID="col3" datatype="char" arraysize="*" />
<FIELD name="de1950" ID="col4" datatype="char" arraysize="*" />
<FIELD name="al2000" ID="col5" datatype="char" arraysize="*" />
<FIELD name="de2000" ID="col6" datatype="char" arraysize="*" />
<FIELD name="l2" ID="col7" datatype="char" arraysize="*" />
<FIELD name="b2" ID="col8" datatype="char" arraysize="*" />
<FIELD name="sgl" ID="col9" datatype="char" arraysize="*" />
<FIELD name="sgb" ID="col10" datatype="char" arraysize="*" />
<FIELD name="f_astrom" ID="col11" datatype="char" arraysize="*" />
<FIELD name="type" ID="col12" datatype="char" arraysize="*" />
<FIELD name="bar" ID="col13" datatype="char" arraysize="*" />
<FIELD name="ring" ID="col14" datatype="char" arraysize="*" />
<FIELD name="multiple" ID="col15" datatype="char" arraysize="*" />
<FIELD name="compactness" ID="col16" datatype="char" arraysize="*" />
<FIELD name="t" ID="col17" datatype="char" arraysize="*" />
<FIELD name="e_t" ID="col18" datatype="char" arraysize="*" />
<FIELD name="agnclass" ID="col19" datatype="char" arraysize="*" />
<FIELD name="logd25" ID="col20" datatype="char" arraysize="*" />
<FIELD name="e_logd25" ID="col21" datatype="char" arraysize="*" />
<FIELD name="logr25" ID="col22" datatype="char" arraysize="*" />
<FIELD name="e_logr25" ID="col23" datatype="char" arraysize="*" />
<FIELD name="pa" ID="col24" datatype="char" arraysize="*" />
<FIELD name="brief" ID="col25" datatype="char" arraysize="*" />
<FIELD name="e_brief" ID="col26" datatype="char" arraysize="*" />
<FIELD name="ut" ID="col27" datatype="char" arraysize="*" />
<FIELD name="e_ut" ID="col28" datatype="char" arraysize="*" />
<FIELD name="bt" ID="col29" datatype="char" arraysize="*" />
<FIELD name="e_bt" ID="col30" datatype="char" arraysize="*" />
<FIELD name="vt" ID="col31" datatype="char" arraysize="*" />
<FIELD name="e_vt" ID="col32" datatype="char" arraysize="*" />
<FIELD name="it" ID="col33" datatype="char" arraysize="*" />
<FIELD name="e_it" ID="col34" datatype="char" arraysize="*" />
<FIELD name="kt" ID="col35" datatype="char" arraysize="*" />
<FIELD name="e_kt" ID="col36" datatype="char" arraysize="*" />
<FIELD name="m21" ID="col37" datatype="char" arraysize="*" />
<FIELD name="e_m21" ID="col38" datatype="char" arraysize="*" />
<FIELD name="mfir" ID="col39" datatype="char" arraysize="*" />
<FIELD name="ube" ID="col40" datatype="char" arraysize="*" />
<FIELD name="bve" ID="col41" datatype="char" arraysize="*" />
<FIELD name="vmaxg" ID="col42" datatype="char" arraysize="*" />
<FIELD name="e_vmaxg" ID="col43" datatype="char" arraysize="*" />
<FIELD name="vmaxs" ID="col44" datatype="char" arraysize="*" />
<FIELD name="e_vmaxs" ID="col45" datatype="char" arraysize="*" />
<FIELD name="vdis" ID="col46" datatype="char" arraysize="*" />
<FIELD name="e_vdis" ID="col47" datatype="char" arraysize="*" />
<FIELD name="vrad" ID="col48" datatype="char" arraysize="*" />
<FIELD name="e_vrad" ID="col49" datatype="char" arraysize="*" />
<FIELD name="vopt" ID="col50" datatype="char" arraysize="*" />
<FIELD name="e_vopt" ID="col51" datatype="char" arraysize="*" />
<FIELD name="v" ID="col52" datatype="char" arraysize="*" />
<FIELD name="e_v" ID="col53" datatype="char" arraysize="*" />
<FIELD name="ag" ID="col54" datatype="char" arraysize="*" />
<FIELD name="ai" ID="col55" datatype="char" arraysize="*" />
<FIELD name="incl" ID="col56" datatype="char" arraysize="*" />
<FIELD name="a21" ID="col57" datatype="char" arraysize="*" />
<FIELD name="logdc" ID="col58" datatype="char" arraysize="*" />
<FIELD name="btc" ID="col59" datatype="char" arraysize="*" />
<FIELD name="itc" ID="col60" datatype="char" arraysize="*" />
<FIELD name="ubtc" ID="col61" datatype="char" arraysize="*" />
<FIELD name="bvtc" ID="col62" datatype="char" arraysize="*" />
<FIELD name="bri25" ID="col63" datatype="char" arraysize="*" />
<FIELD name="vrot" ID="col64" datatype="char" arraysize="*" />
<FIELD name="e_vrot" ID="col65" datatype="char" arraysize="*" />
<FIELD name="mg2" ID="col66" datatype="char" arraysize="*" />
<FIELD name="e_mg2" ID="col67" datatype="char" arraysize="*" />
<FIELD name="m21c" ID="col68" datatype="char" arraysize="*" />
<FIELD name="hic" ID="col69" datatype="char" arraysize="*" />
<FIELD name="vlg" ID="col70" datatype="char" arraysize="*" />
<FIELD name="vgsr" ID="col71" datatype="char" arraysize="*" />
<FIELD name="vvir" ID="col72" datatype="char" arraysize="*" />
<FIELD name="v3k" ID="col73" datatype="char" arraysize="*" />
<FIELD name="modz" ID="col74" datatype="char" arraysize="*" />
<FIELD name="e_modz" ID="col75" datatype="char" arraysize="*" />
<FIELD name="mod0" ID="col76" datatype="char" arraysize="*" />
<FIELD name="e_mod0" ID="col77" datatype="char" arraysize="*" />
<FIELD name="modbest" ID="col78" datatype="char" arraysize="*" />
<FIELD name="e_modbest" ID="col79" datatype="char" arraysize="*" />
<FIELD name="mabs" ID="col80" datatype="char" arraysize="*" />
<FIELD name="e_mabs" ID="col81" datatype="char" arraysize="*" />
<DATA>
<TABLEDATA>
 <TR>
  <TD>SDSSJ125547.94+213006.3</TD>
  <TD>6427142</TD>
  <TD>G&#x20;</TD>
  <TD>12.8890107</TD>
  <TD>21.7722602</TD>
  <TD>12.9299856</TD>
  <TD>21.5017518</TD>
  <TD>313.1754595</TD>
  <TD>84.2865158</TD>
  <TD>95.7282805</TD>
  <TD>5.8714551</TD>
  <TD>0</TD>
  <TD></TD>
  <TD></TD>
  <TD></TD>
  <TD></TD>
  <TD></TD>
  <TD></TD>
  <TD></TD>
  <TD></TD>
  <TD></TD>
  <TD></TD>
  <TD></TD>
  <TD></TD>
  <TD>104.9</TD>
  <TD>21.675</TD>
  <TD>3.982</TD>
  <TD>25.036</TD>
  <TD>0.86</TD>
  <TD>22.039</TD>
  <TD>0.5</TD>
  <TD></TD>
  <TD></TD>
  <TD>19.304</TD>
  <TD>0.073</TD>
  <TD></TD>
  <TD></TD>
  <TD></TD>
  <TD></TD>
  <TD></TD>
  <TD></TD>
  <TD></TD>
  <TD></TD>
  <TD></TD>
  <TD></TD>
  <TD></TD>
  <TD></TD>
  <TD></TD>
  <TD></TD>
  <TD></TD>
  <TD>154931</TD>
  <TD>36.5</TD>
  <TD>154931</TD>
  <TD>36.5</TD>
  <TD>0.161</TD>
  <TD></TD>
  <TD></TD>
  <TD></TD>
  <TD></TD>
  <TD></TD>
  <TD>19.233</TD>
  <TD></TD>
  <TD></TD>
  <TD></TD>
  <TD></TD>
  <TD></TD>
  <TD></TD>
  <TD></TD>
  <TD></TD>
  <TD></TD>
  <TD>154885</TD>
  <TD>154922</TD>
  <TD>155089</TD>
  <TD>155222</TD>
  <TD>42.25</TD>
  <TD>0.007</TD>
  <TD></TD>
  <TD></TD>
  <TD>42.25</TD>
  <TD>0.007</TD>
  <TD></TD>
  <TD></TD>
 </TR>
 <TR>
  <TD>PGC1651721</TD>
  <TD>1651721</TD>
  <TD>G&#x20;</TD>
  <TD>12.8999984</TD>
  <TD>21.7917924</TD>
  <TD>12.9409511</TD>
  <TD>21.5214739</TD>
  <TD>314.7217586</TD>
  <TD>84.2779311</TD>
  <TD>95.7477881</TD>
  <TD>6.0245201</TD>
  <TD>0</TD>
  <TD>Sc</TD>
  <TD></TD>
  <TD></TD>
  <TD>M</TD>
  <TD></TD>
  <TD>4.6</TD>
  <TD>3</TD>
  <TD></TD>
  <TD>0.549</TD>
  <TD>0.093</TD>
  <TD>0.14</TD>
  <TD>0.028</TD>
  <TD>36.24</TD>
  <TD>22.605</TD>
  <TD>0.598</TD>
  <TD>18.777</TD>
  <TD>0.072</TD>
  <TD>17.199</TD>
  <TD>0.354</TD>
  <TD></TD>
  <TD></TD>
  <TD>15.64</TD>
  <TD>0.1</TD>
  <TD>13.119</TD>
  <TD>0.075</TD>
  <TD></TD>
  <TD></TD>
  <TD></TD>
  <TD></TD>
  <TD></TD>
  <TD></TD>
  <TD></TD>
  <TD></TD>
  <TD></TD>
  <TD></TD>
  <TD></TD>
  <TD></TD>
  <TD></TD>
  <TD>22707.6</TD>
  <TD>5.9</TD>
  <TD>22707.6</TD>
  <TD>5.9</TD>
  <TD>0.172</TD>
  <TD>0.236</TD>
  <TD>44.85</TD>
  <TD>0.02</TD>
  <TD>0.559</TD>
  <TD>16.666</TD>
  <TD>15.564</TD>
  <TD></TD>
  <TD></TD>
  <TD>23.419</TD>
  <TD></TD>
  <TD></TD>
  <TD></TD>
  <TD></TD>
  <TD></TD>
  <TD></TD>
  <TD>22662.2</TD>
  <TD>22698.8</TD>
  <TD>22866</TD>
  <TD>22997.9</TD>
  <TD>37.67</TD>
  <TD>0.047</TD>
  <TD></TD>
  <TD></TD>
  <TD>37.67</TD>
  <TD>0.047</TD>
  <TD>-21.004</TD>
  <TD>0.357</TD>
 </TR>
 <TR>
  <TD>SDSSJ125749.93+213140.8</TD>
  <TD>5639508</TD>
  <TD>G&#x20;</TD>
  <TD>12.9229618</TD>
  <TD>21.7979146</TD>
  <TD>12.963871</TD>
  <TD>21.528</TD>
  <TD>317.8475723</TD>
  <TD>84.2136103</TD>
  <TD>95.8218688</TD>
  <TD>6.3358149</TD>
  <TD>0</TD>
  <TD></TD>
  <TD></TD>
  <TD></TD>
  <TD></TD>
  <TD></TD>
  <TD></TD>
  <TD></TD>
  <TD></TD>
  <TD></TD>
  <TD></TD>
  <TD></TD>
  <TD></TD>
  <TD>165.12</TD>
  <TD>26.626</TD>
  <TD>2.704</TD>
  <TD>19.558</TD>
  <TD>0.306</TD>
  <TD>22.577</TD>
  <TD>0.5</TD>
  <TD></TD>
  <TD></TD>
  <TD>19.441</TD>
  <TD>0.095</TD>
  <TD></TD>
  <TD></TD>
  <TD></TD>
  <TD></TD>
  <TD></TD>
  <TD></TD>
  <TD></TD>
  <TD></TD>
  <TD></TD>
  <TD></TD>
  <TD></TD>
  <TD></TD>
  <TD></TD>
  <TD></TD>
  <TD></TD>
  <TD>129966</TD>
  <TD>45.7</TD>
  <TD>129966</TD>
  <TD>45.7</TD>
  <TD>0.135</TD>
  <TD></TD>
  <TD></TD>
  <TD></TD>
  <TD></TD>
  <TD></TD>
  <TD>19.381</TD>
  <TD></TD>
  <TD></TD>
  <TD></TD>
  <TD></TD>
  <TD></TD>
  <TD></TD>
  <TD></TD>
  <TD></TD>
  <TD></TD>
  <TD>129922</TD>
  <TD>129958</TD>
  <TD>130125</TD>
  <TD>130255</TD>
  <TD>41.802</TD>
  <TD>0.008</TD>
  <TD></TD>
  <TD></TD>
  <TD>41.802</TD>
  <TD>0.008</TD>
  <TD></TD>
  <TD></TD>
 </TR>
 <TR>
  <TD>SDSSJ125533.86+213143.2</TD>
  <TD>6427141</TD>
  <TD>G&#x20;</TD>
  <TD>12.8850931</TD>
  <TD>21.7992446</TD>
  <TD>12.9260731</TD>
  <TD>21.5286691</TD>
  <TD>312.6779793</TD>
  <TD>84.322125</TD>
  <TD>95.6882564</TD>
  <TD>5.8254083</TD>
  <TD>0</TD>
  <TD></TD>
  <TD></TD>
  <TD></TD>
  <TD></TD>
  <TD></TD>
  <TD></TD>
  <TD></TD>
  <TD></TD>
  <TD></TD>
  <TD></TD>
  <TD></TD>
  <TD></TD>
  <TD>73.44</TD>
  <TD>25.656</TD>
  <TD>2.534</TD>
  <TD>21.748</TD>
  <TD>0.782</TD>
  <TD>22.546</TD>
  <TD>0.5</TD>
  <TD></TD>
  <TD></TD>
  <TD>19.355</TD>
  <TD>0.081</TD>
  <TD></TD>
  <TD></TD>
  <TD></TD>
  <TD></TD>
  <TD></TD>
  <TD></TD>
  <TD></TD>
  <TD></TD>
  <TD></TD>
  <TD></TD>
  <TD></TD>
  <TD></TD>
  <TD></TD>
  <TD></TD>
  <TD></TD>
  <TD>154008</TD>
  <TD>63.1</TD>
  <TD>154008</TD>
  <TD>63.1</TD>
  <TD>0.155</TD>
  <TD></TD>
  <TD></TD>
  <TD></TD>
  <TD></TD>
  <TD></TD>
  <TD>19.286</TD>
  <TD></TD>
  <TD></TD>
  <TD></TD>
  <TD></TD>
  <TD></TD>
  <TD></TD>
  <TD></TD>
  <TD></TD>
  <TD></TD>
  <TD>153962</TD>
  <TD>153999</TD>
  <TD>154166</TD>
  <TD>154299</TD>
  <TD>42.235</TD>
  <TD>0.007</TD>
  <TD></TD>
  <TD></TD>
  <TD>42.235</TD>
  <TD>0.007</TD>
  <TD></TD>
  <TD></TD>
 </TR>
 <TR>
  <TD>2MASXJ12572936+2132520</TD>
  <TD>3799214</TD>
  <TD>G&#x20;</TD>
  <TD>12.917231</TD>
  <TD>21.8178219</TD>
  <TD>12.9581491</TD>
  <TD>21.5478056</TD>
  <TD>317.1237609</TD>
  <TD>84.2520307</TD>
  <TD>95.7825499</TD>
  <TD>6.2634356</TD>
  <TD>0</TD>
  <TD>E?</TD>
  <TD></TD>
  <TD></TD>
  <TD></TD>
  <TD></TD>
  <TD>-5</TD>
  <TD>5</TD>
  <TD></TD>
  <TD>0.259</TD>
  <TD>0.482</TD>
  <TD>0.051</TD>
  <TD>0.1</TD>
  <TD>132.6</TD>
  <TD>20.809</TD>
  <TD>0.402</TD>
  <TD>20.131</TD>
  <TD>0.075</TD>
  <TD>18.603</TD>
  <TD>0.354</TD>
  <TD></TD>
  <TD></TD>
  <TD>16.997</TD>
  <TD>0.058</TD>
  <TD>14.136</TD>
  <TD>0.115</TD>
  <TD></TD>
  <TD></TD>
  <TD></TD>
  <TD></TD>
  <TD></TD>
  <TD></TD>
  <TD></TD>
  <TD></TD>
  <TD></TD>
  <TD></TD>
  <TD></TD>
  <TD></TD>
  <TD></TD>
  <TD>24665.6</TD>
  <TD>7.2</TD>
  <TD>24665.6</TD>
  <TD>7.2</TD>
  <TD>0.14</TD>
  <TD>0</TD>
  <TD>38.87</TD>
  <TD>0.02</TD>
  <TD>0.28</TD>
  <TD>18.093</TD>
  <TD>16.936</TD>
  <TD></TD>
  <TD></TD>
  <TD>23.769</TD>
  <TD></TD>
  <TD></TD>
  <TD></TD>
  <TD></TD>
  <TD></TD>
  <TD></TD>
  <TD>24621</TD>
  <TD>24657.4</TD>
  <TD>24824.7</TD>
  <TD>24955.1</TD>
  <TD>37.857</TD>
  <TD>0.044</TD>
  <TD></TD>
  <TD></TD>
  <TD>37.857</TD>
  <TD>0.044</TD>
  <TD>-19.764</TD>
  <TD>0.356</TD>
 </TR>
 <TR>
  <TD>SDSSJ125729.69+213321.6</TD>
  <TD>6427128</TD>
  <TD>G&#x20;</TD>
  <TD>12.9173328</TD>
  <TD>21.8260419</TD>
  <TD>12.9582499</TD>
  <TD>21.5560274</TD>
  <TD>317.1567222</TD>
  <TD>84.259692</TD>
  <TD>95.7748935</TD>
  <TD>6.2668497</TD>
  <TD>0</TD>
  <TD></TD>
  <TD></TD>
  <TD></TD>
  <TD></TD>
  <TD></TD>
  <TD></TD>
  <TD></TD>
  <TD></TD>
  <TD></TD>
  <TD></TD>
  <TD></TD>
  <TD></TD>
  <TD>34.67</TD>
  <TD>25.023</TD>
  <TD>1.938</TD>
  <TD>22.758</TD>
  <TD>1.194</TD>
  <TD>22.6</TD>
  <TD>0.5</TD>
  <TD></TD>
  <TD></TD>
  <TD>19.662</TD>
  <TD>0.071</TD>
  <TD></TD>
  <TD></TD>
  <TD></TD>
  <TD></TD>
  <TD></TD>
  <TD></TD>
  <TD></TD>
  <TD></TD>
  <TD></TD>
  <TD></TD>
  <TD></TD>
  <TD></TD>
  <TD></TD>
  <TD></TD>
  <TD></TD>
  <TD>196256</TD>
  <TD>37.7</TD>
  <TD>196256</TD>
  <TD>37.7</TD>
  <TD>0.139</TD>
  <TD></TD>
  <TD></TD>
  <TD></TD>
  <TD></TD>
  <TD></TD>
  <TD>19.601</TD>
  <TD></TD>
  <TD></TD>
  <TD></TD>
  <TD></TD>
  <TD></TD>
  <TD></TD>
  <TD></TD>
  <TD></TD>
  <TD></TD>
  <TD>196212</TD>
  <TD>196248</TD>
  <TD>196415</TD>
  <TD>196546</TD>
  <TD>42.864</TD>
  <TD>0.006</TD>
  <TD></TD>
  <TD></TD>
  <TD>42.864</TD>
  <TD>0.006</TD>
  <TD></TD>
  <TD></TD>
 </TR>
 <TR>
  <TD>SDSSJ125540.96+213416.4</TD>
  <TD>6427144</TD>
  <TD>G&#x20;</TD>
  <TD>12.8870729</TD>
  <TD>21.8417836</TD>
  <TD>12.9280453</TD>
  <TD>21.571242</TD>
  <TD>313.024363</TD>
  <TD>84.3595802</TD>
  <TD>95.6538202</TD>
  <TD>5.8627716</TD>
  <TD>0</TD>
  <TD></TD>
  <TD></TD>
  <TD></TD>
  <TD></TD>
  <TD></TD>
  <TD></TD>
  <TD></TD>
  <TD></TD>
  <TD></TD>
  <TD></TD>
  <TD></TD>
  <TD></TD>
  <TD>109.98</TD>
  <TD>26.651</TD>
  <TD>2.204</TD>
  <TD></TD>
  <TD></TD>
  <TD>21.662</TD>
  <TD>0.5</TD>
  <TD></TD>
  <TD></TD>
  <TD>19.087</TD>
  <TD>0.105</TD>
  <TD></TD>
  <TD></TD>
  <TD></TD>
  <TD></TD>
  <TD></TD>
  <TD></TD>
  <TD></TD>
  <TD></TD>
  <TD></TD>
  <TD></TD>
  <TD></TD>
  <TD></TD>
  <TD></TD>
  <TD></TD>
  <TD></TD>
  <TD>153553</TD>
  <TD>43.7</TD>
  <TD>153553</TD>
  <TD>43.7</TD>
  <TD>0.159</TD>
  <TD></TD>
  <TD></TD>
  <TD></TD>
  <TD></TD>
  <TD></TD>
  <TD>19.017</TD>
  <TD></TD>
  <TD></TD>
  <TD></TD>
  <TD></TD>
  <TD></TD>
  <TD></TD>
  <TD></TD>
  <TD></TD>
  <TD></TD>
  <TD>153507</TD>
  <TD>153544</TD>
  <TD>153711</TD>
  <TD>153844</TD>
  <TD>42.227</TD>
  <TD>0.007</TD>
  <TD></TD>
  <TD></TD>
  <TD>42.227</TD>
  <TD>0.007</TD>
  <TD></TD>
  <TD></TD>
 </TR>
 <TR>
  <TD>SDSSJ125645.40+213439.5</TD>
  <TD>5639507</TD>
  <TD>G&#x20;</TD>
  <TD>12.9050088</TD>
  <TD>21.8478935</TD>
  <TD>12.9459471</TD>
  <TD>21.5776623</TD>
  <TD>315.5231649</TD>
  <TD>84.3188777</TD>
  <TD>95.7106669</TD>
  <TD>6.1060848</TD>
  <TD>0</TD>
  <TD></TD>
  <TD></TD>
  <TD></TD>
  <TD></TD>
  <TD></TD>
  <TD></TD>
  <TD></TD>
  <TD></TD>
  <TD></TD>
  <TD></TD>
  <TD></TD>
  <TD></TD>
  <TD>18.19</TD>
  <TD>24.982</TD>
  <TD>2.052</TD>
  <TD>22.055</TD>
  <TD>1.226</TD>
  <TD>22.559</TD>
  <TD>0.5</TD>
  <TD></TD>
  <TD></TD>
  <TD>19.757</TD>
  <TD>0.076</TD>
  <TD></TD>
  <TD></TD>
  <TD></TD>
  <TD></TD>
  <TD></TD>
  <TD></TD>
  <TD></TD>
  <TD></TD>
  <TD></TD>
  <TD></TD>
  <TD></TD>
  <TD></TD>
  <TD></TD>
  <TD></TD>
  <TD></TD>
  <TD>142059</TD>
  <TD>39.7</TD>
  <TD>142059</TD>
  <TD>39.7</TD>
  <TD>0.18</TD>
  <TD></TD>
  <TD></TD>
  <TD></TD>
  <TD></TD>
  <TD></TD>
  <TD>19.678</TD>
  <TD></TD>
  <TD></TD>
  <TD></TD>
  <TD></TD>
  <TD></TD>
  <TD></TD>
  <TD></TD>
  <TD></TD>
  <TD></TD>
  <TD>142014</TD>
  <TD>142050</TD>
  <TD>142218</TD>
  <TD>142349</TD>
  <TD>42.028</TD>
  <TD>0.008</TD>
  <TD></TD>
  <TD></TD>
  <TD>42.028</TD>
  <TD>0.008</TD>
  <TD></TD>
  <TD></TD>
 </TR>
 <TR>
  <TD>SDSSJ125755.94+213516.5</TD>
  <TD>5639509</TD>
  <TD>G&#x20;</TD>
  <TD>12.9246402</TD>
  <TD>21.8578147</TD>
  <TD>12.9655407</TD>
  <TD>21.58793</TD>
  <TD>318.2211998</TD>
  <TD>84.2658403</TD>
  <TD>95.7693003</TD>
  <TD>6.3732925</TD>
  <TD>0</TD>
  <TD></TD>
  <TD></TD>
  <TD></TD>
  <TD></TD>
  <TD></TD>
  <TD></TD>
  <TD></TD>
  <TD></TD>
  <TD></TD>
  <TD></TD>
  <TD></TD>
  <TD></TD>
  <TD>85.66</TD>
  <TD>24.698</TD>
  <TD>2.571</TD>
  <TD>22.161</TD>
  <TD>0.577</TD>
  <TD>20.582</TD>
  <TD>0.5</TD>
  <TD></TD>
  <TD></TD>
  <TD>19.707</TD>
  <TD>0.072</TD>
  <TD></TD>
  <TD></TD>
  <TD></TD>
  <TD></TD>
  <TD></TD>
  <TD></TD>
  <TD></TD>
  <TD></TD>
  <TD></TD>
  <TD></TD>
  <TD></TD>
  <TD></TD>
  <TD></TD>
  <TD></TD>
  <TD></TD>
  <TD>141291</TD>
  <TD>47.8</TD>
  <TD>141291</TD>
  <TD>47.8</TD>
  <TD>0.128</TD>
  <TD></TD>
  <TD></TD>
  <TD></TD>
  <TD></TD>
  <TD></TD>
  <TD>19.651</TD>
  <TD></TD>
  <TD></TD>
  <TD></TD>
  <TD></TD>
  <TD></TD>
  <TD></TD>
  <TD></TD>
  <TD></TD>
  <TD></TD>
  <TD>141247</TD>
  <TD>141283</TD>
  <TD>141450</TD>
  <TD>141580</TD>
  <TD>42.014</TD>
  <TD>0.008</TD>
  <TD></TD>
  <TD></TD>
  <TD>42.014</TD>
  <TD>0.008</TD>
  <TD></TD>
  <TD></TD>
 </TR>
 <TR>
  <TD>SDSSJ125745.52+213524.9</TD>
  <TD>6427130</TD>
  <TD>G&#x20;</TD>
  <TD>12.9217408</TD>
  <TD>21.8601993</TD>
  <TD>12.9626466</TD>
  <TD>21.5902631</TD>
  <TD>317.835345</TD>
  <TD>84.2781622</TD>
  <TD>95.7569169</TD>
  <TD>6.3347773</TD>
  <TD>0</TD>
  <TD></TD>
  <TD></TD>
  <TD></TD>
  <TD></TD>
  <TD></TD>
  <TD></TD>
  <TD></TD>
  <TD></TD>
  <TD></TD>
  <TD></TD>
  <TD></TD>
  <TD></TD>
  <TD>104.73</TD>
  <TD>25.318</TD>
  <TD>2.097</TD>
  <TD>22.919</TD>
  <TD>1.023</TD>
  <TD>22.831</TD>
  <TD>0.5</TD>
  <TD></TD>
  <TD></TD>
  <TD>19.613</TD>
  <TD>0.073</TD>
  <TD></TD>
  <TD></TD>
  <TD></TD>
  <TD></TD>
  <TD></TD>
  <TD></TD>
  <TD></TD>
  <TD></TD>
  <TD></TD>
  <TD></TD>
  <TD></TD>
  <TD></TD>
  <TD></TD>
  <TD></TD>
  <TD></TD>
  <TD>152646</TD>
  <TD>36</TD>
  <TD>152646</TD>
  <TD>36</TD>
  <TD>0.13</TD>
  <TD></TD>
  <TD></TD>
  <TD></TD>
  <TD></TD>
  <TD></TD>
  <TD>19.556</TD>
  <TD></TD>
  <TD></TD>
  <TD></TD>
  <TD></TD>
  <TD></TD>
  <TD></TD>
  <TD></TD>
  <TD></TD>
  <TD></TD>
  <TD>152602</TD>
  <TD>152638</TD>
  <TD>152806</TD>
  <TD>152935</TD>
  <TD>42.212</TD>
  <TD>0.007</TD>
  <TD></TD>
  <TD></TD>
  <TD>42.212</TD>
  <TD>0.007</TD>
  <TD></TD>
  <TD></TD>
 </TR>
 <TR>
  <TD>SDSSJ125612.20+213532.8</TD>
  <TD>6427143</TD>
  <TD>G&#x20;</TD>
  <TD>12.8957692</TD>
  <TD>21.8628417</TD>
  <TD>12.9367234</TD>
  <TD>21.5924498</TD>
  <TD>314.2746314</TD>
  <TD>84.3589048</TD>
  <TD>95.6638134</TD>
  <TD>5.9852583</TD>
  <TD>0</TD>
  <TD></TD>
  <TD></TD>
  <TD></TD>
  <TD></TD>
  <TD></TD>
  <TD></TD>
  <TD></TD>
  <TD></TD>
  <TD></TD>
  <TD></TD>
  <TD></TD>
  <TD></TD>
  <TD>48.55</TD>
  <TD>23.738</TD>
  <TD>0.657</TD>
  <TD>25.384</TD>
  <TD>1.248</TD>
  <TD>22.389</TD>
  <TD>0.5</TD>
  <TD></TD>
  <TD></TD>
  <TD>19.664</TD>
  <TD>0.09</TD>
  <TD></TD>
  <TD></TD>
  <TD></TD>
  <TD></TD>
  <TD></TD>
  <TD></TD>
  <TD></TD>
  <TD></TD>
  <TD></TD>
  <TD></TD>
  <TD></TD>
  <TD></TD>
  <TD></TD>
  <TD></TD>
  <TD></TD>
  <TD>152268</TD>
  <TD>48.8</TD>
  <TD>152268</TD>
  <TD>48.8</TD>
  <TD>0.17</TD>
  <TD></TD>
  <TD></TD>
  <TD></TD>
  <TD></TD>
  <TD></TD>
  <TD>19.589</TD>
  <TD></TD>
  <TD></TD>
  <TD></TD>
  <TD></TD>
  <TD></TD>
  <TD></TD>
  <TD></TD>
  <TD></TD>
  <TD></TD>
  <TD>152223</TD>
  <TD>152259</TD>
  <TD>152427</TD>
  <TD>152558</TD>
  <TD>42.205</TD>
  <TD>0.007</TD>
  <TD></TD>
  <TD></TD>
  <TD>42.205</TD>
  <TD>0.007</TD>
  <TD></TD>
  <TD></TD>
 </TR>
 <TR>
  <TD>SDSSJ125648.92+213624.3</TD>
  <TD>4348174</TD>
  <TD>G&#x20;</TD>
  <TD>12.9059984</TD>
  <TD>21.8769884</TD>
  <TD>12.9469322</TD>
  <TD>21.6067745</TD>
  <TD>315.7211389</TD>
  <TD>84.3444501</TD>
  <TD>95.6857817</TD>
  <TD>6.1266775</TD>
  <TD>0</TD>
  <TD>E?</TD>
  <TD></TD>
  <TD></TD>
  <TD></TD>
  <TD></TD>
  <TD>-5</TD>
  <TD>5</TD>
  <TD></TD>
  <TD>0.324</TD>
  <TD>0.438</TD>
  <TD>0.041</TD>
  <TD>0.1</TD>
  <TD></TD>
  <TD>21.227</TD>
  <TD>0.471</TD>
  <TD>20.243</TD>
  <TD>0.082</TD>
  <TD>18.658</TD>
  <TD>0.354</TD>
  <TD></TD>
  <TD></TD>
  <TD>17.095</TD>
  <TD>0.054</TD>
  <TD>15.094</TD>
  <TD>0.133</TD>
  <TD></TD>
  <TD></TD>
  <TD></TD>
  <TD></TD>
  <TD></TD>
  <TD></TD>
  <TD></TD>
  <TD></TD>
  <TD></TD>
  <TD></TD>
  <TD></TD>
  <TD></TD>
  <TD></TD>
  <TD>22804.7</TD>
  <TD>6.2</TD>
  <TD>22804.7</TD>
  <TD>6.2</TD>
  <TD>0.18</TD>
  <TD>0</TD>
  <TD>34.59</TD>
  <TD>0.02</TD>
  <TD>0.351</TD>
  <TD>18.135</TD>
  <TD>17.016</TD>
  <TD></TD>
  <TD></TD>
  <TD>24.149</TD>
  <TD></TD>
  <TD></TD>
  <TD></TD>
  <TD></TD>
  <TD></TD>
  <TD></TD>
  <TD>22759.9</TD>
  <TD>22796.3</TD>
  <TD>22963.7</TD>
  <TD>23094.5</TD>
  <TD>37.679</TD>
  <TD>0.047</TD>
  <TD></TD>
  <TD></TD>
  <TD>37.679</TD>
  <TD>0.047</TD>
  <TD>-19.543</TD>
  <TD>0.357</TD>
 </TR>
 <TR>
  <TD>PGC1653925</TD>
  <TD>1653925</TD>
  <TD>G&#x20;</TD>
  <TD>12.9171208</TD>
  <TD>21.8971303</TD>
  <TD>12.9580319</TD>
  <TD>21.6271121</TD>
  <TD>317.295979</TD>
  <TD>84.3294818</TD>
  <TD>95.7048777</TD>
  <TD>6.2816349</TD>
  <TD>0</TD>
  <TD>S?</TD>
  <TD></TD>
  <TD></TD>
  <TD></TD>
  <TD></TD>
  <TD>5</TD>
  <TD>5</TD>
  <TD></TD>
  <TD>0.341</TD>
  <TD>0.125</TD>
  <TD>0.1</TD>
  <TD>0.028</TD>
  <TD>16.21</TD>
  <TD>22.239</TD>
  <TD>0.305</TD>
  <TD>19.755</TD>
  <TD>0.063</TD>
  <TD>18.329</TD>
  <TD>0.354</TD>
  <TD></TD>
  <TD></TD>
  <TD>16.815</TD>
  <TD>0.058</TD>
  <TD>13.942</TD>
  <TD>0.083</TD>
  <TD></TD>
  <TD></TD>
  <TD></TD>
  <TD></TD>
  <TD></TD>
  <TD></TD>
  <TD></TD>
  <TD></TD>
  <TD></TD>
  <TD></TD>
  <TD></TD>
  <TD></TD>
  <TD></TD>
  <TD>22688.4</TD>
  <TD>2.4</TD>
  <TD>22688.4</TD>
  <TD>2.4</TD>
  <TD>0.142</TD>
  <TD>0.172</TD>
  <TD>38.33</TD>
  <TD>0.02</TD>
  <TD>0.35</TD>
  <TD>17.89</TD>
  <TD>16.753</TD>
  <TD></TD>
  <TD></TD>
  <TD>23.583</TD>
  <TD></TD>
  <TD></TD>
  <TD></TD>
  <TD></TD>
  <TD></TD>
  <TD></TD>
  <TD>22644.2</TD>
  <TD>22680.5</TD>
  <TD>22847.8</TD>
  <TD>22977.7</TD>
  <TD>37.67</TD>
  <TD>0.047</TD>
  <TD></TD>
  <TD></TD>
  <TD>37.67</TD>
  <TD>0.047</TD>
  <TD>-19.779</TD>
  <TD>0.358</TD>
 </TR>
 <TR>
  <TD>PGC1654258</TD>
  <TD>1654258</TD>
  <TD>G&#x20;</TD>
  <TD>12.891395</TD>
  <TD>21.9137877</TD>
  <TD>12.9323529</TD>
  <TD>21.6433204</TD>
  <TD>313.7576503</TD>
  <TD>84.4201239</TD>
  <TD>95.5989021</TD>
  <TD>5.9390606</TD>
  <TD>0</TD>
  <TD>S?</TD>
  <TD></TD>
  <TD></TD>
  <TD></TD>
  <TD></TD>
  <TD>5</TD>
  <TD>5</TD>
  <TD></TD>
  <TD>0.367</TD>
  <TD>0.112</TD>
  <TD>0.122</TD>
  <TD>0.028</TD>
  <TD>81.91</TD>
  <TD>21.539</TD>
  <TD>0.611</TD>
  <TD>19.554</TD>
  <TD>0.171</TD>
  <TD>18.489</TD>
  <TD>0.355</TD>
  <TD></TD>
  <TD></TD>
  <TD>17.141</TD>
  <TD>0.069</TD>
  <TD>14.776</TD>
  <TD>0.128</TD>
  <TD></TD>
  <TD></TD>
  <TD></TD>
  <TD></TD>
  <TD></TD>
  <TD></TD>
  <TD></TD>
  <TD></TD>
  <TD></TD>
  <TD></TD>
  <TD></TD>
  <TD></TD>
  <TD></TD>
  <TD>29524.7</TD>
  <TD>3.3</TD>
  <TD>29524.7</TD>
  <TD>3.3</TD>
  <TD>0.166</TD>
  <TD>0.21</TD>
  <TD>42.04</TD>
  <TD>0.02</TD>
  <TD>0.378</TD>
  <TD>17.95</TD>
  <TD>17.068</TD>
  <TD></TD>
  <TD></TD>
  <TD>23.831</TD>
  <TD></TD>
  <TD></TD>
  <TD></TD>
  <TD></TD>
  <TD></TD>
  <TD></TD>
  <TD>29479.5</TD>
  <TD>29516</TD>
  <TD>29683.3</TD>
  <TD>29815</TD>
  <TD>38.262</TD>
  <TD>0.037</TD>
  <TD></TD>
  <TD></TD>
  <TD>38.262</TD>
  <TD>0.037</TD>
  <TD>-20.312</TD>
  <TD>0.357</TD>
 </TR>
 <TR>
  <TD>SDSSJ125748.88+213853.0</TD>
  <TD>6427114</TD>
  <TD>G&#x20;</TD>
  <TD>12.9226811</TD>
  <TD>21.9180014</TD>
  <TD>12.9635798</TD>
  <TD>21.6480819</TD>
  <TD>318.1070903</TD>
  <TD>84.3309361</TD>
  <TD>95.7038325</TD>
  <TD>6.3617745</TD>
  <TD>0</TD>
  <TD></TD>
  <TD></TD>
  <TD></TD>
  <TD></TD>
  <TD></TD>
  <TD></TD>
  <TD></TD>
  <TD></TD>
  <TD></TD>
  <TD></TD>
  <TD></TD>
  <TD></TD>
  <TD>68.44</TD>
  <TD>24.904</TD>
  <TD>0.532</TD>
  <TD>23.539</TD>
  <TD>0.782</TD>
  <TD>22.736</TD>
  <TD>0.5</TD>
  <TD></TD>
  <TD></TD>
  <TD>19.692</TD>
  <TD>0.073</TD>
  <TD></TD>
  <TD></TD>
  <TD></TD>
  <TD></TD>
  <TD></TD>
  <TD></TD>
  <TD></TD>
  <TD></TD>
  <TD></TD>
  <TD></TD>
  <TD></TD>
  <TD></TD>
  <TD></TD>
  <TD></TD>
  <TD></TD>
  <TD>194637</TD>
  <TD>45</TD>
  <TD>194637</TD>
  <TD>45</TD>
  <TD>0.126</TD>
  <TD></TD>
  <TD></TD>
  <TD></TD>
  <TD></TD>
  <TD></TD>
  <TD>19.637</TD>
  <TD></TD>
  <TD></TD>
  <TD></TD>
  <TD></TD>
  <TD></TD>
  <TD></TD>
  <TD></TD>
  <TD></TD>
  <TD></TD>
  <TD>194593</TD>
  <TD>194629</TD>
  <TD>194797</TD>
  <TD>194926</TD>
  <TD>42.842</TD>
  <TD>0.006</TD>
  <TD></TD>
  <TD></TD>
  <TD>42.842</TD>
  <TD>0.006</TD>
  <TD></TD>
  <TD></TD>
 </TR>
 <TR>
  <TD>SDSSJ125729.61+213925.0</TD>
  <TD>5634530</TD>
  <TD>G&#x20;</TD>
  <TD>12.9173175</TD>
  <TD>21.9269651</TD>
  <TD>12.9582255</TD>
  <TD>21.6569504</TD>
  <TD>317.3947321</TD>
  <TD>84.3578168</TD>
  <TD>95.6764842</TD>
  <TD>6.2916889</TD>
  <TD>0</TD>
  <TD></TD>
  <TD></TD>
  <TD></TD>
  <TD></TD>
  <TD></TD>
  <TD></TD>
  <TD></TD>
  <TD></TD>
  <TD></TD>
  <TD></TD>
  <TD></TD>
  <TD></TD>
  <TD>123.02</TD>
  <TD>25.14</TD>
  <TD>2.505</TD>
  <TD>20.553</TD>
  <TD>0.344</TD>
  <TD>20.101</TD>
  <TD>0.5</TD>
  <TD></TD>
  <TD></TD>
  <TD>18.744</TD>
  <TD>0.086</TD>
  <TD></TD>
  <TD></TD>
  <TD></TD>
  <TD></TD>
  <TD></TD>
  <TD></TD>
  <TD></TD>
  <TD></TD>
  <TD></TD>
  <TD></TD>
  <TD></TD>
  <TD></TD>
  <TD></TD>
  <TD></TD>
  <TD></TD>
  <TD>139862</TD>
  <TD>28.2</TD>
  <TD>139862</TD>
  <TD>28.2</TD>
  <TD>0.145</TD>
  <TD></TD>
  <TD></TD>
  <TD></TD>
  <TD></TD>
  <TD></TD>
  <TD>18.681</TD>
  <TD></TD>
  <TD></TD>
  <TD></TD>
  <TD></TD>
  <TD></TD>
  <TD></TD>
  <TD></TD>
  <TD></TD>
  <TD></TD>
  <TD>139818</TD>
  <TD>139854</TD>
  <TD>140022</TD>
  <TD>140151</TD>
  <TD>41.989</TD>
  <TD>0.008</TD>
  <TD></TD>
  <TD></TD>
  <TD>41.989</TD>
  <TD>0.008</TD>
  <TD></TD>
  <TD></TD>
 </TR>
 <TR>
  <TD>SDSSJ125746.86+214028.7</TD>
  <TD>6427112</TD>
  <TD>G&#x20;</TD>
  <TD>12.9221209</TD>
  <TD>21.9445959</TD>
  <TD>12.9630182</TD>
  <TD>21.6746664</TD>
  <TD>318.0977887</TD>
  <TD>84.3586341</TD>
  <TD>95.6759646</TD>
  <TD>6.3608079</TD>
  <TD>0</TD>
  <TD></TD>
  <TD></TD>
  <TD></TD>
  <TD></TD>
  <TD></TD>
  <TD></TD>
  <TD></TD>
  <TD></TD>
  <TD></TD>
  <TD></TD>
  <TD></TD>
  <TD></TD>
  <TD>41</TD>
  <TD>26.901</TD>
  <TD>2.269</TD>
  <TD>19.587</TD>
  <TD>0.28</TD>
  <TD>22.056</TD>
  <TD>0.5</TD>
  <TD></TD>
  <TD></TD>
  <TD>18.887</TD>
  <TD>0.121</TD>
  <TD></TD>
  <TD></TD>
  <TD></TD>
  <TD></TD>
  <TD></TD>
  <TD></TD>
  <TD></TD>
  <TD></TD>
  <TD></TD>
  <TD></TD>
  <TD></TD>
  <TD></TD>
  <TD></TD>
  <TD></TD>
  <TD></TD>
  <TD>152447</TD>
  <TD>41.3</TD>
  <TD>152447</TD>
  <TD>41.3</TD>
  <TD>0.128</TD>
  <TD></TD>
  <TD></TD>
  <TD></TD>
  <TD></TD>
  <TD></TD>
  <TD>18.831</TD>
  <TD></TD>
  <TD></TD>
  <TD></TD>
  <TD></TD>
  <TD></TD>
  <TD></TD>
  <TD></TD>
  <TD></TD>
  <TD></TD>
  <TD>152403</TD>
  <TD>152439</TD>
  <TD>152607</TD>
  <TD>152736</TD>
  <TD>42.209</TD>
  <TD>0.007</TD>
  <TD></TD>
  <TD></TD>
  <TD>42.209</TD>
  <TD>0.007</TD>
  <TD></TD>
  <TD></TD>
 </TR>
 <TR>
  <TD>PGC1654945</TD>
  <TD>1654945</TD>
  <TD>G&#x20;</TD>
  <TD>12.9150572</TD>
  <TD>21.9492229</TD>
  <TD>12.9559674</TD>
  <TD>21.6791683</TD>
  <TD>317.1365997</TD>
  <TD>84.3868644</TD>
  <TD>95.646941</TD>
  <TD>6.2667458</TD>
  <TD>0</TD>
  <TD></TD>
  <TD></TD>
  <TD></TD>
  <TD></TD>
  <TD></TD>
  <TD></TD>
  <TD></TD>
  <TD></TD>
  <TD>0.393</TD>
  <TD>0.119</TD>
  <TD>0.17</TD>
  <TD>0.028</TD>
  <TD>21.2</TD>
  <TD>23.12</TD>
  <TD>0.455</TD>
  <TD>19.039</TD>
  <TD>0.196</TD>
  <TD>18.189</TD>
  <TD>0.358</TD>
  <TD></TD>
  <TD></TD>
  <TD>16.977</TD>
  <TD>0.073</TD>
  <TD>14.04</TD>
  <TD>0.186</TD>
  <TD></TD>
  <TD></TD>
  <TD></TD>
  <TD></TD>
  <TD></TD>
  <TD></TD>
  <TD></TD>
  <TD></TD>
  <TD></TD>
  <TD></TD>
  <TD></TD>
  <TD></TD>
  <TD></TD>
  <TD>33995.7</TD>
  <TD>2.8</TD>
  <TD>33995.7</TD>
  <TD>2.8</TD>
  <TD>0.153</TD>
  <TD></TD>
  <TD>48.49</TD>
  <TD>0.02</TD>
  <TD></TD>
  <TD></TD>
  <TD>16.909</TD>
  <TD></TD>
  <TD></TD>
  <TD>23.892</TD>
  <TD></TD>
  <TD></TD>
  <TD></TD>
  <TD></TD>
  <TD></TD>
  <TD></TD>
  <TD>33951.6</TD>
  <TD>33987.9</TD>
  <TD>34155.3</TD>
  <TD>34284.9</TD>
  <TD>38.584</TD>
  <TD>0.032</TD>
  <TD></TD>
  <TD></TD>
  <TD>38.584</TD>
  <TD>0.032</TD>
  <TD></TD>
  <TD></TD>
 </TR>
 <TR>
  <TD>NGC4826</TD>
  <TD>44182</TD>
  <TD>G&#x20;</TD>
  <TD>12.9045376</TD>
  <TD>21.9523438</TD>
  <TD>12.9454673</TD>
  <TD>21.6821044</TD>
  <TD>315.6800706</TD>
  <TD>84.4223959</TD>
  <TD>95.6072895</TD>
  <TD>6.1257649</TD>
  <TD>0</TD>
  <TD>SABa</TD>
  <TD>B</TD>
  <TD></TD>
  <TD></TD>
  <TD></TD>
  <TD>2.2</TD>
  <TD>0.6</TD>
  <TD>S</TD>
  <TD>2.022</TD>
  <TD>0.017</TD>
  <TD>0.295</TD>
  <TD>0.032</TD>
  <TD>114</TD>
  <TD>20.581</TD>
  <TD>0.321</TD>
  <TD>10.56</TD>
  <TD>0.037</TD>
  <TD>9.268</TD>
  <TD>0.136</TD>
  <TD>9.542</TD>
  <TD>1.631</TD>
  <TD>7.471</TD>
  <TD>0.257</TD>
  <TD>5.336</TD>
  <TD>0.04</TD>
  <TD>13.396</TD>
  <TD>0.1</TD>
  <TD>9.21</TD>
  <TD>0.305</TD>
  <TD>0.88</TD>
  <TD>136.71</TD>
  <TD>3.45</TD>
  <TD>130</TD>
  <TD>60.83</TD>
  <TD>97.15</TD>
  <TD>5.56</TD>
  <TD>408.1</TD>
  <TD>2.4</TD>
  <TD>393</TD>
  <TD>14</TD>
  <TD>407.6</TD>
  <TD>2.5</TD>
  <TD>0.179</TD>
  <TD>0.373</TD>
  <TD>63.99</TD>
  <TD>0.04</TD>
  <TD>2.027</TD>
  <TD>8.711</TD>
  <TD>7.392</TD>
  <TD></TD>
  <TD>0.742</TD>
  <TD>22.685</TD>
  <TD>152.12</TD>
  <TD>3.9</TD>
  <TD>0.166</TD>
  <TD>0.014</TD>
  <TD>13.358</TD>
  <TD>4.646</TD>
  <TD>363.2</TD>
  <TD>399.5</TD>
  <TD>566.9</TD>
  <TD>697.3</TD>
  <TD>29.67</TD>
  <TD>1.914</TD>
  <TD>28.221</TD>
  <TD>0.021</TD>
  <TD>28.221</TD>
  <TD>0.021</TD>
  <TD>-19.509</TD>
  <TD>0.138</TD>
 </TR>
 <TR>
  <TD>SDSSJ125532.55+214106.6</TD>
  <TD>5247158</TD>
  <TD>G&#x20;</TD>
  <TD>12.8847441</TD>
  <TD>21.9557679</TD>
  <TD>12.9257109</TD>
  <TD>21.6851866</TD>
  <TD>312.8896217</TD>
  <TD>84.4773561</TD>
  <TD>95.5347275</TD>
  <TD>5.8599957</TD>
  <TD>0</TD>
  <TD></TD>
  <TD></TD>
  <TD></TD>
  <TD></TD>
  <TD></TD>
  <TD></TD>
  <TD></TD>
  <TD></TD>
  <TD></TD>
  <TD></TD>
  <TD></TD>
  <TD></TD>
  <TD>163.46</TD>
  <TD>20.577</TD>
  <TD>0.334</TD>
  <TD>19.987</TD>
  <TD>0.041</TD>
  <TD>19.264</TD>
  <TD>0.5</TD>
  <TD></TD>
  <TD></TD>
  <TD>18.251</TD>
  <TD>0.074</TD>
  <TD></TD>
  <TD></TD>
  <TD></TD>
  <TD></TD>
  <TD></TD>
  <TD></TD>
  <TD></TD>
  <TD></TD>
  <TD></TD>
  <TD></TD>
  <TD></TD>
  <TD></TD>
  <TD></TD>
  <TD></TD>
  <TD></TD>
  <TD>42760.8</TD>
  <TD>2.2</TD>
  <TD>42760.8</TD>
  <TD>2.2</TD>
  <TD>0.186</TD>
  <TD></TD>
  <TD></TD>
  <TD></TD>
  <TD></TD>
  <TD></TD>
  <TD>18.169</TD>
  <TD></TD>
  <TD></TD>
  <TD></TD>
  <TD></TD>
  <TD></TD>
  <TD></TD>
  <TD></TD>
  <TD></TD>
  <TD></TD>
  <TD>42715.6</TD>
  <TD>42752</TD>
  <TD>42919.4</TD>
  <TD>43051.2</TD>
  <TD>39.112</TD>
  <TD>0.025</TD>
  <TD></TD>
  <TD></TD>
  <TD>39.112</TD>
  <TD>0.025</TD>
  <TD></TD>
  <TD></TD>
 </TR>
 <TR>
  <TD>SDSSJ125553.60+214118.0</TD>
  <TD>5247160</TD>
  <TD>G&#x20;</TD>
  <TD>12.8906014</TD>
  <TD>21.9588197</TD>
  <TD>12.9315568</TD>
  <TD>21.6883388</TD>
  <TD>313.7284169</TD>
  <TD>84.4664034</TD>
  <TD>95.5522896</TD>
  <TD>5.9396454</TD>
  <TD>0</TD>
  <TD></TD>
  <TD></TD>
  <TD></TD>
  <TD></TD>
  <TD></TD>
  <TD></TD>
  <TD></TD>
  <TD></TD>
  <TD></TD>
  <TD></TD>
  <TD></TD>
  <TD></TD>
  <TD>37.76</TD>
  <TD>24.425</TD>
  <TD>0.826</TD>
  <TD>23.594</TD>
  <TD>0.972</TD>
  <TD>21.287</TD>
  <TD>0.5</TD>
  <TD></TD>
  <TD></TD>
  <TD>18.339</TD>
  <TD>0.1</TD>
  <TD></TD>
  <TD></TD>
  <TD></TD>
  <TD></TD>
  <TD></TD>
  <TD></TD>
  <TD></TD>
  <TD></TD>
  <TD></TD>
  <TD></TD>
  <TD></TD>
  <TD></TD>
  <TD></TD>
  <TD></TD>
  <TD></TD>
  <TD>142537</TD>
  <TD>32.8</TD>
  <TD>142537</TD>
  <TD>32.8</TD>
  <TD>0.175</TD>
  <TD></TD>
  <TD></TD>
  <TD></TD>
  <TD></TD>
  <TD></TD>
  <TD>18.262</TD>
  <TD></TD>
  <TD></TD>
  <TD></TD>
  <TD></TD>
  <TD></TD>
  <TD></TD>
  <TD></TD>
  <TD></TD>
  <TD></TD>
  <TD>142492</TD>
  <TD>142528</TD>
  <TD>142696</TD>
  <TD>142827</TD>
  <TD>42.036</TD>
  <TD>0.008</TD>
  <TD></TD>
  <TD></TD>
  <TD>42.036</TD>
  <TD>0.008</TD>
  <TD></TD>
  <TD></TD>
 </TR>
 <TR>
  <TD>SDSSJ125604.79+214156.4</TD>
  <TD>5634526</TD>
  <TD>G&#x20;</TD>
  <TD>12.8937171</TD>
  <TD>21.9694366</TD>
  <TD>12.9346658</TD>
  <TD>21.6990094</TD>
  <TD>314.190548</TD>
  <TD>84.4689545</TD>
  <TD>95.5528595</TD>
  <TD>5.9842674</TD>
  <TD>0</TD>
  <TD></TD>
  <TD></TD>
  <TD></TD>
  <TD></TD>
  <TD></TD>
  <TD></TD>
  <TD></TD>
  <TD></TD>
  <TD></TD>
  <TD></TD>
  <TD></TD>
  <TD></TD>
  <TD>25.18</TD>
  <TD>24.018</TD>
  <TD>1.535</TD>
  <TD>22.384</TD>
  <TD>0.44</TD>
  <TD>20.942</TD>
  <TD>0.5</TD>
  <TD></TD>
  <TD></TD>
  <TD>19.213</TD>
  <TD>0.078</TD>
  <TD></TD>
  <TD></TD>
  <TD></TD>
  <TD></TD>
  <TD></TD>
  <TD></TD>
  <TD></TD>
  <TD></TD>
  <TD></TD>
  <TD></TD>
  <TD></TD>
  <TD></TD>
  <TD></TD>
  <TD></TD>
  <TD></TD>
  <TD>143294</TD>
  <TD>34.7</TD>
  <TD>143294</TD>
  <TD>34.7</TD>
  <TD>0.176</TD>
  <TD></TD>
  <TD></TD>
  <TD></TD>
  <TD></TD>
  <TD></TD>
  <TD>19.135</TD>
  <TD></TD>
  <TD></TD>
  <TD></TD>
  <TD></TD>
  <TD></TD>
  <TD></TD>
  <TD></TD>
  <TD></TD>
  <TD></TD>
  <TD>143249</TD>
  <TD>143286</TD>
  <TD>143453</TD>
  <TD>143584</TD>
  <TD>42.051</TD>
  <TD>0.008</TD>
  <TD></TD>
  <TD></TD>
  <TD>42.051</TD>
  <TD>0.008</TD>
  <TD></TD>
  <TD></TD>
 </TR>
 <TR>
  <TD>SDSSJ125753.67+214225.4</TD>
  <TD>6427115</TD>
  <TD>G&#x20;</TD>
  <TD>12.9240183</TD>
  <TD>21.9769767</TD>
  <TD>12.964909</TD>
  <TD>21.707081</TD>
  <TD>318.4414237</TD>
  <TD>84.3833146</TD>
  <TD>95.6509693</TD>
  <TD>6.394396</TD>
  <TD>0</TD>
  <TD></TD>
  <TD></TD>
  <TD></TD>
  <TD></TD>
  <TD></TD>
  <TD></TD>
  <TD></TD>
  <TD></TD>
  <TD></TD>
  <TD></TD>
  <TD></TD>
  <TD></TD>
  <TD>128.3</TD>
  <TD>25.482</TD>
  <TD>1.97</TD>
  <TD>20.241</TD>
  <TD>0.46</TD>
  <TD>21.827</TD>
  <TD>0.5</TD>
  <TD></TD>
  <TD></TD>
  <TD>19.471</TD>
  <TD>0.113</TD>
  <TD></TD>
  <TD></TD>
  <TD></TD>
  <TD></TD>
  <TD></TD>
  <TD></TD>
  <TD></TD>
  <TD></TD>
  <TD></TD>
  <TD></TD>
  <TD></TD>
  <TD></TD>
  <TD></TD>
  <TD></TD>
  <TD></TD>
  <TD>152574</TD>
  <TD>38.8</TD>
  <TD>152574</TD>
  <TD>38.8</TD>
  <TD>0.124</TD>
  <TD></TD>
  <TD></TD>
  <TD></TD>
  <TD></TD>
  <TD></TD>
  <TD>19.417</TD>
  <TD></TD>
  <TD></TD>
  <TD></TD>
  <TD></TD>
  <TD></TD>
  <TD></TD>
  <TD></TD>
  <TD></TD>
  <TD></TD>
  <TD>152530</TD>
  <TD>152567</TD>
  <TD>152734</TD>
  <TD>152863</TD>
  <TD>42.211</TD>
  <TD>0.007</TD>
  <TD></TD>
  <TD></TD>
  <TD>42.211</TD>
  <TD>0.007</TD>
  <TD></TD>
  <TD></TD>
 </TR>
 <TR>
  <TD>SDSSJ125711.17+214300.0</TD>
  <TD>5247161</TD>
  <TD>G&#x20;</TD>
  <TD>12.9121929</TD>
  <TD>21.9867811</TD>
  <TD>12.9531051</TD>
  <TD>21.716676</TD>
  <TD>316.8278541</TD>
  <TD>84.4326205</TD>
  <TD>95.6003882</TD>
  <TD>6.2374761</TD>
  <TD>0</TD>
  <TD></TD>
  <TD></TD>
  <TD></TD>
  <TD></TD>
  <TD></TD>
  <TD></TD>
  <TD></TD>
  <TD></TD>
  <TD></TD>
  <TD></TD>
  <TD></TD>
  <TD></TD>
  <TD>160.89</TD>
  <TD>26.234</TD>
  <TD>2.517</TD>
  <TD>20.41</TD>
  <TD>0.722</TD>
  <TD>21.847</TD>
  <TD>0.5</TD>
  <TD></TD>
  <TD></TD>
  <TD>18.742</TD>
  <TD>0.077</TD>
  <TD></TD>
  <TD></TD>
  <TD></TD>
  <TD></TD>
  <TD></TD>
  <TD></TD>
  <TD></TD>
  <TD></TD>
  <TD></TD>
  <TD></TD>
  <TD></TD>
  <TD></TD>
  <TD></TD>
  <TD></TD>
  <TD></TD>
  <TD>139280</TD>
  <TD>29.7</TD>
  <TD>139280</TD>
  <TD>29.7</TD>
  <TD>0.163</TD>
  <TD></TD>
  <TD></TD>
  <TD></TD>
  <TD></TD>
  <TD></TD>
  <TD>18.671</TD>
  <TD></TD>
  <TD></TD>
  <TD></TD>
  <TD></TD>
  <TD></TD>
  <TD></TD>
  <TD></TD>
  <TD></TD>
  <TD></TD>
  <TD>139236</TD>
  <TD>139272</TD>
  <TD>139440</TD>
  <TD>139569</TD>
  <TD>41.978</TD>
  <TD>0.008</TD>
  <TD></TD>
  <TD></TD>
  <TD>41.978</TD>
  <TD>0.008</TD>
  <TD></TD>
  <TD></TD>
 </TR>
 <TR>
  <TD>SDSSJ125622.02+214323.3</TD>
  <TD>5634529</TD>
  <TD>G&#x20;</TD>
  <TD>12.8985147</TD>
  <TD>21.9935029</TD>
  <TD>12.9394521</TD>
  <TD>21.7231587</TD>
  <TD>314.9186372</TD>
  <TD>84.4797771</TD>
  <TD>95.5461924</TD>
  <TD>6.0548953</TD>
  <TD>0</TD>
  <TD></TD>
  <TD></TD>
  <TD></TD>
  <TD></TD>
  <TD></TD>
  <TD></TD>
  <TD></TD>
  <TD></TD>
  <TD></TD>
  <TD></TD>
  <TD></TD>
  <TD></TD>
  <TD>60.54</TD>
  <TD>25.436</TD>
  <TD>1.175</TD>
  <TD>23.04</TD>
  <TD>0.756</TD>
  <TD>23.014</TD>
  <TD>0.5</TD>
  <TD></TD>
  <TD></TD>
  <TD>19.562</TD>
  <TD>0.079</TD>
  <TD></TD>
  <TD></TD>
  <TD></TD>
  <TD></TD>
  <TD></TD>
  <TD></TD>
  <TD></TD>
  <TD></TD>
  <TD></TD>
  <TD></TD>
  <TD></TD>
  <TD></TD>
  <TD></TD>
  <TD></TD>
  <TD></TD>
  <TD>140768</TD>
  <TD>49.3</TD>
  <TD>140768</TD>
  <TD>49.3</TD>
  <TD>0.183</TD>
  <TD></TD>
  <TD></TD>
  <TD></TD>
  <TD></TD>
  <TD></TD>
  <TD>19.482</TD>
  <TD></TD>
  <TD></TD>
  <TD></TD>
  <TD></TD>
  <TD></TD>
  <TD></TD>
  <TD></TD>
  <TD></TD>
  <TD></TD>
  <TD>140724</TD>
  <TD>140760</TD>
  <TD>140927</TD>
  <TD>141058</TD>
  <TD>42.005</TD>
  <TD>0.008</TD>
  <TD></TD>
  <TD></TD>
  <TD>42.005</TD>
  <TD>0.008</TD>
  <TD></TD>
  <TD></TD>
 </TR>
 <TR>
  <TD>SDSSJ125604.62+214326.1</TD>
  <TD>5634525</TD>
  <TD>G&#x20;</TD>
  <TD>12.8936715</TD>
  <TD>21.9943469</TD>
  <TD>12.934618</TD>
  <TD>21.7239189</TD>
  <TD>314.2322781</TD>
  <TD>84.4935476</TD>
  <TD>95.5284487</TD>
  <TD>5.9898818</TD>
  <TD>0</TD>
  <TD></TD>
  <TD></TD>
  <TD></TD>
  <TD></TD>
  <TD></TD>
  <TD></TD>
  <TD></TD>
  <TD></TD>
  <TD></TD>
  <TD></TD>
  <TD></TD>
  <TD></TD>
  <TD>135.52</TD>
  <TD>23.025</TD>
  <TD>4.34</TD>
  <TD>24.725</TD>
  <TD>1.057</TD>
  <TD>22.116</TD>
  <TD>0.5</TD>
  <TD></TD>
  <TD></TD>
  <TD>19.304</TD>
  <TD>0.087</TD>
  <TD></TD>
  <TD></TD>
  <TD></TD>
  <TD></TD>
  <TD></TD>
  <TD></TD>
  <TD></TD>
  <TD></TD>
  <TD></TD>
  <TD></TD>
  <TD></TD>
  <TD></TD>
  <TD></TD>
  <TD></TD>
  <TD></TD>
  <TD>140709</TD>
  <TD>52.6</TD>
  <TD>140709</TD>
  <TD>52.6</TD>
  <TD>0.181</TD>
  <TD></TD>
  <TD></TD>
  <TD></TD>
  <TD></TD>
  <TD></TD>
  <TD>19.224</TD>
  <TD></TD>
  <TD></TD>
  <TD></TD>
  <TD></TD>
  <TD></TD>
  <TD></TD>
  <TD></TD>
  <TD></TD>
  <TD></TD>
  <TD>140664</TD>
  <TD>140701</TD>
  <TD>140868</TD>
  <TD>140999</TD>
  <TD>42.003</TD>
  <TD>0.008</TD>
  <TD></TD>
  <TD></TD>
  <TD>42.003</TD>
  <TD>0.008</TD>
  <TD></TD>
  <TD></TD>
 </TR>
 <TR>
  <TD>SDSSJ125615.90+214326.9</TD>
  <TD>5634528</TD>
  <TD>G&#x20;</TD>
  <TD>12.8968113</TD>
  <TD>21.9945266</TD>
  <TD>12.9377518</TD>
  <TD>21.7241529</TD>
  <TD>314.6790841</TD>
  <TD>84.4854195</TD>
  <TD>95.539247</TD>
  <TD>6.0322098</TD>
  <TD>0</TD>
  <TD></TD>
  <TD></TD>
  <TD></TD>
  <TD></TD>
  <TD></TD>
  <TD></TD>
  <TD></TD>
  <TD></TD>
  <TD></TD>
  <TD></TD>
  <TD></TD>
  <TD></TD>
  <TD>123.6</TD>
  <TD>24.399</TD>
  <TD>0.725</TD>
  <TD>22.981</TD>
  <TD>0.515</TD>
  <TD>22.397</TD>
  <TD>0.5</TD>
  <TD></TD>
  <TD></TD>
  <TD>19.556</TD>
  <TD>0.098</TD>
  <TD></TD>
  <TD></TD>
  <TD></TD>
  <TD></TD>
  <TD></TD>
  <TD></TD>
  <TD></TD>
  <TD></TD>
  <TD></TD>
  <TD></TD>
  <TD></TD>
  <TD></TD>
  <TD></TD>
  <TD></TD>
  <TD></TD>
  <TD>149186</TD>
  <TD>50.2</TD>
  <TD>149186</TD>
  <TD>50.2</TD>
  <TD>0.182</TD>
  <TD></TD>
  <TD></TD>
  <TD></TD>
  <TD></TD>
  <TD></TD>
  <TD>19.475</TD>
  <TD></TD>
  <TD></TD>
  <TD></TD>
  <TD></TD>
  <TD></TD>
  <TD></TD>
  <TD></TD>
  <TD></TD>
  <TD></TD>
  <TD>149141</TD>
  <TD>149178</TD>
  <TD>149345</TD>
  <TD>149476</TD>
  <TD>42.154</TD>
  <TD>0.007</TD>
  <TD></TD>
  <TD></TD>
  <TD>42.154</TD>
  <TD>0.007</TD>
  <TD></TD>
  <TD></TD>
 </TR>
 <TR>
  <TD>SDSSJ125743.89+214439.4</TD>
  <TD>5634531</TD>
  <TD>G&#x20;</TD>
  <TD>12.9213009</TD>
  <TD>22.0142241</TD>
  <TD>12.9621934</TD>
  <TD>21.7442801</TD>
  <TD>318.1628488</TD>
  <TD>84.4289035</TD>
  <TD>95.6052445</TD>
  <TD>6.3669959</TD>
  <TD>0</TD>
  <TD></TD>
  <TD></TD>
  <TD></TD>
  <TD></TD>
  <TD></TD>
  <TD></TD>
  <TD></TD>
  <TD></TD>
  <TD></TD>
  <TD></TD>
  <TD></TD>
  <TD></TD>
  <TD>76.24</TD>
  <TD>24.732</TD>
  <TD>0.817</TD>
  <TD>22.058</TD>
  <TD>0.292</TD>
  <TD>20.773</TD>
  <TD>0.5</TD>
  <TD></TD>
  <TD></TD>
  <TD>18.523</TD>
  <TD>0.11</TD>
  <TD></TD>
  <TD></TD>
  <TD></TD>
  <TD></TD>
  <TD></TD>
  <TD></TD>
  <TD></TD>
  <TD></TD>
  <TD></TD>
  <TD></TD>
  <TD></TD>
  <TD></TD>
  <TD></TD>
  <TD></TD>
  <TD></TD>
  <TD>109070</TD>
  <TD>23.8</TD>
  <TD>109070</TD>
  <TD>23.8</TD>
  <TD>0.131</TD>
  <TD></TD>
  <TD></TD>
  <TD></TD>
  <TD></TD>
  <TD></TD>
  <TD>18.465</TD>
  <TD></TD>
  <TD></TD>
  <TD></TD>
  <TD></TD>
  <TD></TD>
  <TD></TD>
  <TD></TD>
  <TD></TD>
  <TD></TD>
  <TD>109026</TD>
  <TD>109063</TD>
  <TD>109230</TD>
  <TD>109359</TD>
  <TD>41.362</TD>
  <TD>0.01</TD>
  <TD></TD>
  <TD></TD>
  <TD>41.362</TD>
  <TD>0.01</TD>
  <TD></TD>
  <TD></TD>
 </TR>
 <TR>
  <TD>[RGK2003]J125749.10+214440.0</TD>
  <TD>4621433</TD>
  <TD>G&#x20;</TD>
  <TD>12.9227526</TD>
  <TD>22.014225</TD>
  <TD>12.9636424</TD>
  <TD>21.7443068</TD>
  <TD>318.3639936</TD>
  <TD>84.4238149</TD>
  <TD>95.6102711</TD>
  <TD>6.3865561</TD>
  <TD>1</TD>
  <TD></TD>
  <TD></TD>
  <TD></TD>
  <TD></TD>
  <TD></TD>
  <TD></TD>
  <TD></TD>
  <TD></TD>
  <TD></TD>
  <TD></TD>
  <TD></TD>
  <TD></TD>
  <TD></TD>
  <TD></TD>
  <TD></TD>
  <TD></TD>
  <TD></TD>
  <TD></TD>
  <TD></TD>
  <TD></TD>
  <TD></TD>
  <TD></TD>
  <TD></TD>
  <TD></TD>
  <TD></TD>
  <TD></TD>
  <TD></TD>
  <TD></TD>
  <TD></TD>
  <TD></TD>
  <TD></TD>
  <TD></TD>
  <TD></TD>
  <TD></TD>
  <TD></TD>
  <TD></TD>
  <TD></TD>
  <TD></TD>
  <TD>77646</TD>
  <TD>899</TD>
  <TD>77646</TD>
  <TD>899</TD>
  <TD>0.127</TD>
  <TD></TD>
  <TD></TD>
  <TD></TD>
  <TD></TD>
  <TD></TD>
  <TD></TD>
  <TD></TD>
  <TD></TD>
  <TD></TD>
  <TD></TD>
  <TD></TD>
  <TD></TD>
  <TD></TD>
  <TD></TD>
  <TD></TD>
  <TD>77602.5</TD>
  <TD>77638.6</TD>
  <TD>77806.1</TD>
  <TD>77934.8</TD>
  <TD>40.526</TD>
  <TD>0.029</TD>
  <TD></TD>
  <TD></TD>
  <TD>40.526</TD>
  <TD>0.029</TD>
  <TD></TD>
  <TD></TD>
 </TR>
 <TR>
  <TD>SDSSJ125535.54+214508.0</TD>
  <TD>5634524</TD>
  <TD>G&#x20;</TD>
  <TD>12.8855807</TD>
  <TD>22.0228047</TD>
  <TD>12.92654</TD>
  <TD>21.7522377</TD>
  <TD>313.1261192</TD>
  <TD>84.5415223</TD>
  <TD>95.4724247</TD>
  <TD>5.8880733</TD>
  <TD>0</TD>
  <TD></TD>
  <TD></TD>
  <TD></TD>
  <TD></TD>
  <TD></TD>
  <TD></TD>
  <TD></TD>
  <TD></TD>
  <TD></TD>
  <TD></TD>
  <TD></TD>
  <TD></TD>
  <TD>80.49</TD>
  <TD>23.844</TD>
  <TD>1.181</TD>
  <TD>24.498</TD>
  <TD>1.181</TD>
  <TD>22.672</TD>
  <TD>0.5</TD>
  <TD></TD>
  <TD></TD>
  <TD>19.827</TD>
  <TD>0.071</TD>
  <TD></TD>
  <TD></TD>
  <TD></TD>
  <TD></TD>
  <TD></TD>
  <TD></TD>
  <TD></TD>
  <TD></TD>
  <TD></TD>
  <TD></TD>
  <TD></TD>
  <TD></TD>
  <TD></TD>
  <TD></TD>
  <TD></TD>
  <TD>141014</TD>
  <TD>79.4</TD>
  <TD>141014</TD>
  <TD>79.4</TD>
  <TD>0.197</TD>
  <TD></TD>
  <TD></TD>
  <TD></TD>
  <TD></TD>
  <TD></TD>
  <TD>19.741</TD>
  <TD></TD>
  <TD></TD>
  <TD></TD>
  <TD></TD>
  <TD></TD>
  <TD></TD>
  <TD></TD>
  <TD></TD>
  <TD></TD>
  <TD>140969</TD>
  <TD>141005</TD>
  <TD>141173</TD>
  <TD>141304</TD>
  <TD>42.01</TD>
  <TD>0.008</TD>
  <TD></TD>
  <TD></TD>
  <TD>42.01</TD>
  <TD>0.008</TD>
  <TD></TD>
  <TD></TD>
 </TR>
 <TR>
  <TD>SDSSJ125725.31+214509.6</TD>
  <TD>5081371</TD>
  <TD>G&#x20;</TD>
  <TD>12.9161308</TD>
  <TD>22.0227211</TD>
  <TD>12.9570323</TD>
  <TD>21.7526854</TD>
  <TD>317.4646357</TD>
  <TD>84.454746</TD>
  <TD>95.5790385</TD>
  <TD>6.2994483</TD>
  <TD>0</TD>
  <TD></TD>
  <TD></TD>
  <TD></TD>
  <TD></TD>
  <TD></TD>
  <TD></TD>
  <TD></TD>
  <TD></TD>
  <TD></TD>
  <TD></TD>
  <TD></TD>
  <TD></TD>
  <TD>126.98</TD>
  <TD>23.304</TD>
  <TD>0.363</TD>
  <TD>19.317</TD>
  <TD>0.056</TD>
  <TD>18.404</TD>
  <TD>0.5</TD>
  <TD></TD>
  <TD></TD>
  <TD>17.27</TD>
  <TD>0.1</TD>
  <TD></TD>
  <TD></TD>
  <TD></TD>
  <TD></TD>
  <TD></TD>
  <TD></TD>
  <TD></TD>
  <TD></TD>
  <TD></TD>
  <TD></TD>
  <TD></TD>
  <TD></TD>
  <TD></TD>
  <TD></TD>
  <TD></TD>
  <TD>21603.7</TD>
  <TD>2.4</TD>
  <TD>21603.7</TD>
  <TD>2.4</TD>
  <TD>0.143</TD>
  <TD></TD>
  <TD></TD>
  <TD></TD>
  <TD></TD>
  <TD>18.045</TD>
  <TD>17.207</TD>
  <TD></TD>
  <TD></TD>
  <TD></TD>
  <TD></TD>
  <TD></TD>
  <TD></TD>
  <TD></TD>
  <TD></TD>
  <TD></TD>
  <TD>21560</TD>
  <TD>21596.2</TD>
  <TD>21763.6</TD>
  <TD>21892.7</TD>
  <TD>37.557</TD>
  <TD>0.05</TD>
  <TD></TD>
  <TD></TD>
  <TD>37.557</TD>
  <TD>0.05</TD>
  <TD>-19.512</TD>
  <TD>0.502</TD>
 </TR>
 <TR>
  <TD>SDSSJ125536.13+214513.9</TD>
  <TD>5247159</TD>
  <TD>G&#x20;</TD>
  <TD>12.8857444</TD>
  <TD>22.0244489</TD>
  <TD>12.9267032</TD>
  <TD>21.7538847</TD>
  <TD>313.1526149</TD>
  <TD>84.5427593</TD>
  <TD>95.4713981</TD>
  <TD>5.8906883</TD>
  <TD>0</TD>
  <TD></TD>
  <TD></TD>
  <TD></TD>
  <TD></TD>
  <TD></TD>
  <TD></TD>
  <TD></TD>
  <TD></TD>
  <TD></TD>
  <TD></TD>
  <TD></TD>
  <TD></TD>
  <TD>119.42</TD>
  <TD>22.161</TD>
  <TD>5.169</TD>
  <TD>23.81</TD>
  <TD>0.685</TD>
  <TD>22.077</TD>
  <TD>0.5</TD>
  <TD></TD>
  <TD></TD>
  <TD>18.579</TD>
  <TD>0.078</TD>
  <TD></TD>
  <TD></TD>
  <TD></TD>
  <TD></TD>
  <TD></TD>
  <TD></TD>
  <TD></TD>
  <TD></TD>
  <TD></TD>
  <TD></TD>
  <TD></TD>
  <TD></TD>
  <TD></TD>
  <TD></TD>
  <TD></TD>
  <TD>140197</TD>
  <TD>33.3</TD>
  <TD>140197</TD>
  <TD>33.3</TD>
  <TD>0.197</TD>
  <TD></TD>
  <TD></TD>
  <TD></TD>
  <TD></TD>
  <TD></TD>
  <TD>18.492</TD>
  <TD></TD>
  <TD></TD>
  <TD></TD>
  <TD></TD>
  <TD></TD>
  <TD></TD>
  <TD></TD>
  <TD></TD>
  <TD></TD>
  <TD>140152</TD>
  <TD>140188</TD>
  <TD>140356</TD>
  <TD>140487</TD>
  <TD>41.994</TD>
  <TD>0.008</TD>
  <TD></TD>
  <TD></TD>
  <TD>41.994</TD>
  <TD>0.008</TD>
  <TD></TD>
  <TD></TD>
 </TR>
 <TR>
  <TD>SDSSJ125744.07+214543.2</TD>
  <TD>6427116</TD>
  <TD>G&#x20;</TD>
  <TD>12.9213529</TD>
  <TD>22.0319645</TD>
  <TD>12.9622437</TD>
  <TD>21.7620215</TD>
  <TD>318.2159917</TD>
  <TD>84.445895</TD>
  <TD>95.5881294</TD>
  <TD>6.3720878</TD>
  <TD>0</TD>
  <TD></TD>
  <TD></TD>
  <TD></TD>
  <TD></TD>
  <TD></TD>
  <TD></TD>
  <TD></TD>
  <TD></TD>
  <TD></TD>
  <TD></TD>
  <TD></TD>
  <TD></TD>
  <TD>128.23</TD>
  <TD>25.813</TD>
  <TD>2.854</TD>
  <TD>21.843</TD>
  <TD>1.516</TD>
  <TD>22.122</TD>
  <TD>0.5</TD>
  <TD></TD>
  <TD></TD>
  <TD>19.37</TD>
  <TD>0.071</TD>
  <TD></TD>
  <TD></TD>
  <TD></TD>
  <TD></TD>
  <TD></TD>
  <TD></TD>
  <TD></TD>
  <TD></TD>
  <TD></TD>
  <TD></TD>
  <TD></TD>
  <TD></TD>
  <TD></TD>
  <TD></TD>
  <TD></TD>
  <TD>152488</TD>
  <TD>41.2</TD>
  <TD>152488</TD>
  <TD>41.2</TD>
  <TD>0.132</TD>
  <TD></TD>
  <TD></TD>
  <TD></TD>
  <TD></TD>
  <TD></TD>
  <TD>19.312</TD>
  <TD></TD>
  <TD></TD>
  <TD></TD>
  <TD></TD>
  <TD></TD>
  <TD></TD>
  <TD></TD>
  <TD></TD>
  <TD></TD>
  <TD>152445</TD>
  <TD>152481</TD>
  <TD>152648</TD>
  <TD>152777</TD>
  <TD>42.209</TD>
  <TD>0.007</TD>
  <TD></TD>
  <TD></TD>
  <TD>42.209</TD>
  <TD>0.007</TD>
  <TD></TD>
  <TD></TD>
 </TR>
 <TR>
  <TD>SDSSJ125714.05+214600.0</TD>
  <TD>6427133</TD>
  <TD>G&#x20;</TD>
  <TD>12.9129987</TD>
  <TD>22.0367792</TD>
  <TD>12.9539048</TD>
  <TD>21.7666883</TD>
  <TD>317.0601147</TD>
  <TD>84.4786836</TD>
  <TD>95.554466</TD>
  <TD>6.2607463</TD>
  <TD>0</TD>
  <TD></TD>
  <TD></TD>
  <TD></TD>
  <TD></TD>
  <TD></TD>
  <TD></TD>
  <TD></TD>
  <TD></TD>
  <TD></TD>
  <TD></TD>
  <TD></TD>
  <TD></TD>
  <TD>170.42</TD>
  <TD>20.523</TD>
  <TD>5.898</TD>
  <TD>23.852</TD>
  <TD>0.623</TD>
  <TD>21.416</TD>
  <TD>0.5</TD>
  <TD></TD>
  <TD></TD>
  <TD>19.08</TD>
  <TD>0.071</TD>
  <TD></TD>
  <TD></TD>
  <TD></TD>
  <TD></TD>
  <TD></TD>
  <TD></TD>
  <TD></TD>
  <TD></TD>
  <TD></TD>
  <TD></TD>
  <TD></TD>
  <TD></TD>
  <TD></TD>
  <TD></TD>
  <TD></TD>
  <TD>154837</TD>
  <TD>27.3</TD>
  <TD>154837</TD>
  <TD>27.3</TD>
  <TD>0.151</TD>
  <TD></TD>
  <TD></TD>
  <TD></TD>
  <TD></TD>
  <TD></TD>
  <TD>19.013</TD>
  <TD></TD>
  <TD></TD>
  <TD></TD>
  <TD></TD>
  <TD></TD>
  <TD></TD>
  <TD></TD>
  <TD></TD>
  <TD></TD>
  <TD>154793</TD>
  <TD>154829</TD>
  <TD>154997</TD>
  <TD>155126</TD>
  <TD>42.249</TD>
  <TD>0.007</TD>
  <TD></TD>
  <TD></TD>
  <TD>42.249</TD>
  <TD>0.007</TD>
  <TD></TD>
  <TD></TD>
 </TR>
 <TR>
  <TD>SDSSJ125754.64+214615.8</TD>
  <TD>5634532</TD>
  <TD>G&#x20;</TD>
  <TD>12.9242948</TD>
  <TD>22.0409578</TD>
  <TD>12.9651792</TD>
  <TD>21.7710671</TD>
  <TD>318.6482823</TD>
  <TD>84.4441662</TD>
  <TD>95.5895435</TD>
  <TD>6.4139458</TD>
  <TD>0</TD>
  <TD></TD>
  <TD></TD>
  <TD></TD>
  <TD></TD>
  <TD></TD>
  <TD></TD>
  <TD></TD>
  <TD></TD>
  <TD></TD>
  <TD></TD>
  <TD></TD>
  <TD></TD>
  <TD>143.49</TD>
  <TD>24.873</TD>
  <TD>2.128</TD>
  <TD>22.701</TD>
  <TD>1.054</TD>
  <TD>22.501</TD>
  <TD>0.5</TD>
  <TD></TD>
  <TD></TD>
  <TD>19.443</TD>
  <TD>0.071</TD>
  <TD></TD>
  <TD></TD>
  <TD></TD>
  <TD></TD>
  <TD></TD>
  <TD></TD>
  <TD></TD>
  <TD></TD>
  <TD></TD>
  <TD></TD>
  <TD></TD>
  <TD></TD>
  <TD></TD>
  <TD></TD>
  <TD></TD>
  <TD>136879</TD>
  <TD>30.2</TD>
  <TD>136879</TD>
  <TD>30.2</TD>
  <TD>0.124</TD>
  <TD></TD>
  <TD></TD>
  <TD></TD>
  <TD></TD>
  <TD></TD>
  <TD>19.389</TD>
  <TD></TD>
  <TD></TD>
  <TD></TD>
  <TD></TD>
  <TD></TD>
  <TD></TD>
  <TD></TD>
  <TD></TD>
  <TD></TD>
  <TD>136836</TD>
  <TD>136872</TD>
  <TD>137039</TD>
  <TD>137168</TD>
  <TD>41.934</TD>
  <TD>0.008</TD>
  <TD></TD>
  <TD></TD>
  <TD>41.934</TD>
  <TD>0.008</TD>
  <TD></TD>
  <TD></TD>
 </TR>
 <TR>
  <TD>PGC1656969</TD>
  <TD>1656969</TD>
  <TD>G&#x20;</TD>
  <TD>12.9124186</TD>
  <TD>22.0433707</TD>
  <TD>12.9533253</TD>
  <TD>21.7732696</TD>
  <TD>316.9944419</TD>
  <TD>84.4869672</TD>
  <TD>95.5460284</TD>
  <TD>6.2545706</TD>
  <TD>0</TD>
  <TD></TD>
  <TD></TD>
  <TD></TD>
  <TD></TD>
  <TD></TD>
  <TD></TD>
  <TD></TD>
  <TD></TD>
  <TD>0.37</TD>
  <TD>0.116</TD>
  <TD>0.12</TD>
  <TD>0.028</TD>
  <TD>102.17</TD>
  <TD>22.259</TD>
  <TD>0.449</TD>
  <TD>20.947</TD>
  <TD>0.12</TD>
  <TD>18.804</TD>
  <TD>0.5</TD>
  <TD></TD>
  <TD></TD>
  <TD>16.957</TD>
  <TD>0.071</TD>
  <TD>13.932</TD>
  <TD>0.136</TD>
  <TD></TD>
  <TD></TD>
  <TD></TD>
  <TD></TD>
  <TD></TD>
  <TD></TD>
  <TD></TD>
  <TD></TD>
  <TD></TD>
  <TD></TD>
  <TD></TD>
  <TD></TD>
  <TD></TD>
  <TD>51699.2</TD>
  <TD>9.4</TD>
  <TD>51699.2</TD>
  <TD>9.4</TD>
  <TD>0.152</TD>
  <TD></TD>
  <TD>41.47</TD>
  <TD>0.02</TD>
  <TD></TD>
  <TD></TD>
  <TD>16.89</TD>
  <TD></TD>
  <TD></TD>
  <TD>24.394</TD>
  <TD></TD>
  <TD></TD>
  <TD></TD>
  <TD></TD>
  <TD></TD>
  <TD></TD>
  <TD>51655.5</TD>
  <TD>51691.6</TD>
  <TD>51859.1</TD>
  <TD>51988.3</TD>
  <TD>39.556</TD>
  <TD>0.021</TD>
  <TD></TD>
  <TD></TD>
  <TD>39.556</TD>
  <TD>0.021</TD>
  <TD></TD>
  <TD></TD>
 </TR>
 <TR>
  <TD>PGC1657062</TD>
  <TD>1657062</TD>
  <TD>G&#x20;</TD>
  <TD>12.9201979</TD>
  <TD>22.0483881</TD>
  <TD>12.9610893</TD>
  <TD>21.7784245</TD>
  <TD>318.0976334</TD>
  <TD>84.4658171</TD>
  <TD>95.568118</TD>
  <TD>6.3605938</TD>
  <TD>0</TD>
  <TD></TD>
  <TD></TD>
  <TD></TD>
  <TD></TD>
  <TD></TD>
  <TD></TD>
  <TD></TD>
  <TD></TD>
  <TD>0.437</TD>
  <TD>0.102</TD>
  <TD>0.15</TD>
  <TD>0.027</TD>
  <TD>43.56</TD>
  <TD>22.531</TD>
  <TD>0.662</TD>
  <TD>19.833</TD>
  <TD>0.186</TD>
  <TD>18.349</TD>
  <TD>0.354</TD>
  <TD></TD>
  <TD></TD>
  <TD>16.786</TD>
  <TD>0.07</TD>
  <TD>14.318</TD>
  <TD>0.143</TD>
  <TD></TD>
  <TD></TD>
  <TD></TD>
  <TD></TD>
  <TD></TD>
  <TD></TD>
  <TD></TD>
  <TD></TD>
  <TD></TD>
  <TD></TD>
  <TD></TD>
  <TD></TD>
  <TD></TD>
  <TD>33935.2</TD>
  <TD>7.4</TD>
  <TD>33935.2</TD>
  <TD>7.4</TD>
  <TD>0.134</TD>
  <TD></TD>
  <TD>45.87</TD>
  <TD>0.02</TD>
  <TD></TD>
  <TD></TD>
  <TD>16.727</TD>
  <TD></TD>
  <TD></TD>
  <TD>24.276</TD>
  <TD></TD>
  <TD></TD>
  <TD></TD>
  <TD></TD>
  <TD></TD>
  <TD></TD>
  <TD>33891.8</TD>
  <TD>33927.9</TD>
  <TD>34095.4</TD>
  <TD>34224</TD>
  <TD>38.581</TD>
  <TD>0.032</TD>
  <TD></TD>
  <TD></TD>
  <TD>38.581</TD>
  <TD>0.032</TD>
  <TD></TD>
  <TD></TD>
 </TR>
 <TR>
  <TD>SDSSJ125611.99+214812.3</TD>
  <TD>5634527</TD>
  <TD>G&#x20;</TD>
  <TD>12.8957298</TD>
  <TD>22.0738285</TD>
  <TD>12.9366653</TD>
  <TD>21.8034361</TD>
  <TD>314.6856684</TD>
  <TD>84.5661319</TD>
  <TD>95.4582539</TD>
  <TD>6.0374546</TD>
  <TD>0</TD>
  <TD></TD>
  <TD></TD>
  <TD></TD>
  <TD></TD>
  <TD></TD>
  <TD></TD>
  <TD></TD>
  <TD></TD>
  <TD></TD>
  <TD></TD>
  <TD></TD>
  <TD></TD>
  <TD>49.37</TD>
  <TD>25.036</TD>
  <TD>1.77</TD>
  <TD></TD>
  <TD></TD>
  <TD>21.558</TD>
  <TD>0.5</TD>
  <TD></TD>
  <TD></TD>
  <TD>18.628</TD>
  <TD>0.072</TD>
  <TD></TD>
  <TD></TD>
  <TD></TD>
  <TD></TD>
  <TD></TD>
  <TD></TD>
  <TD></TD>
  <TD></TD>
  <TD></TD>
  <TD></TD>
  <TD></TD>
  <TD></TD>
  <TD></TD>
  <TD></TD>
  <TD></TD>
  <TD>142464</TD>
  <TD>35.4</TD>
  <TD>142464</TD>
  <TD>35.4</TD>
  <TD>0.184</TD>
  <TD></TD>
  <TD></TD>
  <TD></TD>
  <TD></TD>
  <TD></TD>
  <TD>18.547</TD>
  <TD></TD>
  <TD></TD>
  <TD></TD>
  <TD></TD>
  <TD></TD>
  <TD></TD>
  <TD></TD>
  <TD></TD>
  <TD></TD>
  <TD>142420</TD>
  <TD>142456</TD>
  <TD>142623</TD>
  <TD>142754</TD>
  <TD>42.035</TD>
  <TD>0.008</TD>
  <TD></TD>
  <TD></TD>
  <TD>42.035</TD>
  <TD>0.008</TD>
  <TD></TD>
  <TD></TD>
 </TR>
 <TR>
  <TD>PGC1657695</TD>
  <TD>1657695</TD>
  <TD>G&#x20;</TD>
  <TD>12.8953122</TD>
  <TD>22.078148</TD>
  <TD>12.9362481</TD>
  <TD>21.8077484</TD>
  <TD>314.6343309</TD>
  <TD>84.5714937</TD>
  <TD>95.45259</TD>
  <TD>6.032912</TD>
  <TD>0</TD>
  <TD>Sc</TD>
  <TD></TD>
  <TD></TD>
  <TD></TD>
  <TD></TD>
  <TD>4.6</TD>
  <TD>3</TD>
  <TD></TD>
  <TD>0.543</TD>
  <TD>0.088</TD>
  <TD>0.196</TD>
  <TD>0.035</TD>
  <TD>179.58</TD>
  <TD>23.015</TD>
  <TD>0.301</TD>
  <TD>19.082</TD>
  <TD>0.08</TD>
  <TD>17.775</TD>
  <TD>0.357</TD>
  <TD></TD>
  <TD></TD>
  <TD>16.255</TD>
  <TD>0.066</TD>
  <TD>13.579</TD>
  <TD>0.078</TD>
  <TD></TD>
  <TD></TD>
  <TD></TD>
  <TD></TD>
  <TD></TD>
  <TD></TD>
  <TD></TD>
  <TD></TD>
  <TD></TD>
  <TD></TD>
  <TD></TD>
  <TD></TD>
  <TD></TD>
  <TD>34056.1</TD>
  <TD>7.9</TD>
  <TD>34056.1</TD>
  <TD>7.9</TD>
  <TD>0.184</TD>
  <TD>0.329</TD>
  <TD>52.11</TD>
  <TD>0.03</TD>
  <TD>0.553</TD>
  <TD></TD>
  <TD>16.174</TD>
  <TD></TD>
  <TD></TD>
  <TD>23.864</TD>
  <TD></TD>
  <TD></TD>
  <TD></TD>
  <TD></TD>
  <TD></TD>
  <TD></TD>
  <TD>34011.9</TD>
  <TD>34048.1</TD>
  <TD>34215.5</TD>
  <TD>34345.8</TD>
  <TD>38.587</TD>
  <TD>0.032</TD>
  <TD></TD>
  <TD></TD>
  <TD>38.587</TD>
  <TD>0.032</TD>
  <TD></TD>
  <TD></TD>
 </TR>
 <TR>
  <TD>SDSSJ125740.86+214909.5</TD>
  <TD>5249674</TD>
  <TD>G&#x20;</TD>
  <TD>12.9204652</TD>
  <TD>22.0892677</TD>
  <TD>12.9613524</TD>
  <TD>21.8193089</TD>
  <TD>318.2417076</TD>
  <TD>84.5044596</TD>
  <TD>95.5291906</TD>
  <TD>6.3743143</TD>
  <TD>0</TD>
  <TD></TD>
  <TD></TD>
  <TD></TD>
  <TD></TD>
  <TD></TD>
  <TD></TD>
  <TD></TD>
  <TD></TD>
  <TD></TD>
  <TD></TD>
  <TD></TD>
  <TD></TD>
  <TD>109.96</TD>
  <TD>20.895</TD>
  <TD>0.753</TD>
  <TD>21.622</TD>
  <TD>0.162</TD>
  <TD>21.19</TD>
  <TD>0.5</TD>
  <TD></TD>
  <TD></TD>
  <TD>19.656</TD>
  <TD>0.072</TD>
  <TD></TD>
  <TD></TD>
  <TD></TD>
  <TD></TD>
  <TD></TD>
  <TD></TD>
  <TD></TD>
  <TD></TD>
  <TD></TD>
  <TD></TD>
  <TD></TD>
  <TD></TD>
  <TD></TD>
  <TD></TD>
  <TD></TD>
  <TD>120870</TD>
  <TD>5.8</TD>
  <TD>120870</TD>
  <TD>5.8</TD>
  <TD>0.133</TD>
  <TD></TD>
  <TD></TD>
  <TD></TD>
  <TD></TD>
  <TD></TD>
  <TD>19.597</TD>
  <TD></TD>
  <TD></TD>
  <TD></TD>
  <TD></TD>
  <TD></TD>
  <TD></TD>
  <TD></TD>
  <TD></TD>
  <TD></TD>
  <TD>120827</TD>
  <TD>120863</TD>
  <TD>121030</TD>
  <TD>121159</TD>
  <TD>41.619</TD>
  <TD>0.009</TD>
  <TD></TD>
  <TD></TD>
  <TD>41.619</TD>
  <TD>0.009</TD>
  <TD></TD>
  <TD></TD>
 </TR>
 <TR>
  <TD>SDSSJ125709.50+215212.0</TD>
  <TD>4348414</TD>
  <TD>G&#x20;</TD>
  <TD>12.9117468</TD>
  <TD>22.1400894</TD>
  <TD>12.9526459</TD>
  <TD>21.8699766</TD>
  <TD>317.1355686</TD>
  <TD>84.5832017</TD>
  <TD>95.4494428</TD>
  <TD>6.2695341</TD>
  <TD>0</TD>
  <TD></TD>
  <TD></TD>
  <TD></TD>
  <TD></TD>
  <TD></TD>
  <TD></TD>
  <TD></TD>
  <TD></TD>
  <TD>0.307</TD>
  <TD>0.449</TD>
  <TD>0.071</TD>
  <TD>0.1</TD>
  <TD>163.78</TD>
  <TD>21.934</TD>
  <TD>0.211</TD>
  <TD>19.359</TD>
  <TD>0.037</TD>
  <TD>18.552</TD>
  <TD>0.354</TD>
  <TD></TD>
  <TD></TD>
  <TD>17.468</TD>
  <TD>0.053</TD>
  <TD></TD>
  <TD></TD>
  <TD></TD>
  <TD></TD>
  <TD></TD>
  <TD></TD>
  <TD></TD>
  <TD></TD>
  <TD></TD>
  <TD></TD>
  <TD></TD>
  <TD></TD>
  <TD></TD>
  <TD></TD>
  <TD></TD>
  <TD>41411.7</TD>
  <TD>2.2</TD>
  <TD>41411.7</TD>
  <TD>2.2</TD>
  <TD>0.154</TD>
  <TD></TD>
  <TD>32.56</TD>
  <TD>0.02</TD>
  <TD></TD>
  <TD></TD>
  <TD>17.4</TD>
  <TD></TD>
  <TD></TD>
  <TD>23.829</TD>
  <TD></TD>
  <TD></TD>
  <TD></TD>
  <TD></TD>
  <TD></TD>
  <TD></TD>
  <TD>41368.4</TD>
  <TD>41404.4</TD>
  <TD>41571.9</TD>
  <TD>41700.5</TD>
  <TD>39.039</TD>
  <TD>0.026</TD>
  <TD></TD>
  <TD></TD>
  <TD>39.039</TD>
  <TD>0.026</TD>
  <TD></TD>
  <TD></TD>
 </TR>
</TABLEDATA>
</DATA>
</TABLE>
</RESOURCE>
</VOTABLE>
